1660459269.401923 client started (17773): version 3.0a, socket /tmp//tmux-1001/default, protocol 8
1660459269.401992 on Linux 5.15.0-46-generic #49~20.04.1-Ubuntu SMP Thu Aug 4 19:15:44 UTC 2022; libevent 2.1.11-stable (poll)
1660459269.402045 socket is /tmp//tmux-1001/default
1660459269.402081 trying connect
1660459269.402245 add peer 0x55b8ee3f7920: 6 ((nil))
1660459269.402414 sending message 100 to peer 0x55b8ee3f7920 (4 bytes)
1660459269.402436 sending message 101 to peer 0x55b8ee3f7920 (16 bytes)
1660459269.402449 sending message 102 to peer 0x55b8ee3f7920 (11 bytes)
1660459269.402461 sending message 108 to peer 0x55b8ee3f7920 (22 bytes)
1660459269.402474 sending message 104 to peer 0x55b8ee3f7920 (0 bytes)
1660459269.402488 sending message 107 to peer 0x55b8ee3f7920 (4 bytes)
1660459269.402500 sending message 105 to peer 0x55b8ee3f7920 (16 bytes)
1660459269.402512 sending message 105 to peer 0x55b8ee3f7920 (20 bytes)
1660459269.402524 sending message 105 to peer 0x55b8ee3f7920 (54 bytes)
1660459269.402536 sending message 105 to peer 0x55b8ee3f7920 (19 bytes)
1660459269.402548 sending message 105 to peer 0x55b8ee3f7920 (11 bytes)
1660459269.402560 sending message 105 to peer 0x55b8ee3f7920 (12 bytes)
1660459269.402572 sending message 105 to peer 0x55b8ee3f7920 (12 bytes)
1660459269.402584 sending message 105 to peer 0x55b8ee3f7920 (14 bytes)
1660459269.402596 sending message 105 to peer 0x55b8ee3f7920 (52 bytes)
1660459269.402608 sending message 105 to peer 0x55b8ee3f7920 (28 bytes)
1660459269.402619 sending message 105 to peer 0x55b8ee3f7920 (16 bytes)
1660459269.402631 sending message 105 to peer 0x55b8ee3f7920 (41 bytes)
1660459269.402642 sending message 105 to peer 0x55b8ee3f7920 (18 bytes)
1660459269.402654 sending message 105 to peer 0x55b8ee3f7920 (17 bytes)
1660459269.402681 sending message 105 to peer 0x55b8ee3f7920 (23 bytes)
1660459269.402694 sending message 105 to peer 0x55b8ee3f7920 (30 bytes)
1660459269.402706 sending message 105 to peer 0x55b8ee3f7920 (27 bytes)
1660459269.402718 sending message 105 to peer 0x55b8ee3f7920 (24 bytes)
1660459269.402730 sending message 105 to peer 0x55b8ee3f7920 (20 bytes)
1660459269.402741 sending message 105 to peer 0x55b8ee3f7920 (23 bytes)
1660459269.402753 sending message 105 to peer 0x55b8ee3f7920 (21 bytes)
1660459269.402765 sending message 105 to peer 0x55b8ee3f7920 (25 bytes)
1660459269.402777 sending message 105 to peer 0x55b8ee3f7920 (20 bytes)
1660459269.402789 sending message 105 to peer 0x55b8ee3f7920 (8 bytes)
1660459269.402801 sending message 105 to peer 0x55b8ee3f7920 (24 bytes)
1660459269.402813 sending message 105 to peer 0x55b8ee3f7920 (24 bytes)
1660459269.402824 sending message 105 to peer 0x55b8ee3f7920 (21 bytes)
1660459269.402836 sending message 105 to peer 0x55b8ee3f7920 (21 bytes)
1660459269.402848 sending message 105 to peer 0x55b8ee3f7920 (28 bytes)
1660459269.402860 sending message 105 to peer 0x55b8ee3f7920 (21 bytes)
1660459269.402872 sending message 105 to peer 0x55b8ee3f7920 (24 bytes)
1660459269.402883 sending message 105 to peer 0x55b8ee3f7920 (13 bytes)
1660459269.402896 sending message 105 to peer 0x55b8ee3f7920 (569 bytes)
1660459269.402908 sending message 105 to peer 0x55b8ee3f7920 (26 bytes)
1660459269.402920 sending message 105 to peer 0x55b8ee3f7920 (19 bytes)
1660459269.402932 sending message 105 to peer 0x55b8ee3f7920 (15 bytes)
1660459269.402944 sending message 105 to peer 0x55b8ee3f7920 (41 bytes)
1660459269.402956 sending message 105 to peer 0x55b8ee3f7920 (32 bytes)
1660459269.402968 sending message 105 to peer 0x55b8ee3f7920 (15 bytes)
1660459269.402980 sending message 105 to peer 0x55b8ee3f7920 (8 bytes)
1660459269.402992 sending message 105 to peer 0x55b8ee3f7920 (20 bytes)
1660459269.403003 sending message 105 to peer 0x55b8ee3f7920 (48 bytes)
1660459269.403015 sending message 105 to peer 0x55b8ee3f7920 (21 bytes)
1660459269.403027 sending message 105 to peer 0x55b8ee3f7920 (15 bytes)
1660459269.403039 sending message 105 to peer 0x55b8ee3f7920 (36 bytes)
1660459269.403051 sending message 105 to peer 0x55b8ee3f7920 (13 bytes)
1660459269.403078 sending message 105 to peer 0x55b8ee3f7920 (10 bytes)
1660459269.403091 sending message 105 to peer 0x55b8ee3f7920 (14 bytes)
1660459269.403103 sending message 105 to peer 0x55b8ee3f7920 (17 bytes)
1660459269.403115 sending message 105 to peer 0x55b8ee3f7920 (13 bytes)
1660459269.403127 sending message 105 to peer 0x55b8ee3f7920 (41 bytes)
1660459269.403139 sending message 105 to peer 0x55b8ee3f7920 (41 bytes)
1660459269.403151 sending message 105 to peer 0x55b8ee3f7920 (23 bytes)
1660459269.403163 sending message 105 to peer 0x55b8ee3f7920 (81 bytes)
1660459269.403175 sending message 105 to peer 0x55b8ee3f7920 (31 bytes)
1660459269.403187 sending message 105 to peer 0x55b8ee3f7920 (15 bytes)
1660459269.403199 sending message 105 to peer 0x55b8ee3f7920 (23 bytes)
1660459269.403210 sending message 105 to peer 0x55b8ee3f7920 (23 bytes)
1660459269.403222 sending message 105 to peer 0x55b8ee3f7920 (17 bytes)
1660459269.403234 sending message 105 to peer 0x55b8ee3f7920 (21 bytes)
1660459269.403246 sending message 105 to peer 0x55b8ee3f7920 (11 bytes)
1660459269.403258 sending message 105 to peer 0x55b8ee3f7920 (29 bytes)
1660459269.403271 sending message 105 to peer 0x55b8ee3f7920 (1506 bytes)
1660459269.403288 sending message 105 to peer 0x55b8ee3f7920 (17 bytes)
1660459269.403301 sending message 105 to peer 0x55b8ee3f7920 (21 bytes)
1660459269.403313 sending message 105 to peer 0x55b8ee3f7920 (16 bytes)
1660459269.403325 sending message 106 to peer 0x55b8ee3f7920 (0 bytes)
1660459269.403337 sending message 200 to peer 0x55b8ee3f7920 (4 bytes)
1660459269.403348 client loop enter
1660459269.404047 peer 0x55b8ee3f7920 message 211
1660459269.404062 client_write: sessions should be nested with care, unset $TMUX to force\n
1660459269.404082 peer 0x55b8ee3f7920 message 203
1660459269.404091 client loop exit
