1660459249.838031 client started (17712): version 3.0a, socket /tmp/tmux-1001/default, protocol 8
1660459249.838090 on Linux 5.15.0-46-generic #49~20.04.1-Ubuntu SMP Thu Aug 4 19:15:44 UTC 2022; libevent 2.1.11-stable (poll)
1660459249.838132 socket is /tmp/tmux-1001/default
1660459249.838161 trying connect
1660459249.838277 add peer 0x556200c44750: 6 ((nil))
1660459249.838421 sending message 100 to peer 0x556200c44750 (4 bytes)
1660459249.838442 sending message 101 to peer 0x556200c44750 (12 bytes)
1660459249.838456 sending message 102 to peer 0x556200c44750 (11 bytes)
1660459249.838469 sending message 108 to peer 0x556200c44750 (22 bytes)
1660459249.838484 sending message 104 to peer 0x556200c44750 (0 bytes)
1660459249.838499 sending message 107 to peer 0x556200c44750 (4 bytes)
1660459249.838512 sending message 105 to peer 0x556200c44750 (21 bytes)
1660459249.838525 sending message 105 to peer 0x556200c44750 (10 bytes)
1660459249.838539 sending message 105 to peer 0x556200c44750 (21 bytes)
1660459249.838552 sending message 105 to peer 0x556200c44750 (20 bytes)
1660459249.838565 sending message 105 to peer 0x556200c44750 (15 bytes)
1660459249.838579 sending message 105 to peer 0x556200c44750 (20 bytes)
1660459249.838592 sending message 105 to peer 0x556200c44750 (21 bytes)
1660459249.838605 sending message 105 to peer 0x556200c44750 (12 bytes)
1660459249.838618 sending message 105 to peer 0x556200c44750 (8 bytes)
1660459249.838631 sending message 105 to peer 0x556200c44750 (16 bytes)
1660459249.838644 sending message 105 to peer 0x556200c44750 (8 bytes)
1660459249.838657 sending message 105 to peer 0x556200c44750 (16 bytes)
1660459249.838669 sending message 105 to peer 0x556200c44750 (19 bytes)
1660459249.838682 sending message 105 to peer 0x556200c44750 (28 bytes)
1660459249.838695 sending message 105 to peer 0x556200c44750 (28 bytes)
1660459249.838708 sending message 105 to peer 0x556200c44750 (24 bytes)
1660459249.838721 sending message 105 to peer 0x556200c44750 (54 bytes)
1660459249.838750 sending message 105 to peer 0x556200c44750 (32 bytes)
1660459249.838764 sending message 105 to peer 0x556200c44750 (13 bytes)
1660459249.838778 sending message 105 to peer 0x556200c44750 (24 bytes)
1660459249.838791 sending message 105 to peer 0x556200c44750 (23 bytes)
1660459249.838804 sending message 105 to peer 0x556200c44750 (41 bytes)
1660459249.838817 sending message 105 to peer 0x556200c44750 (14 bytes)
1660459249.838831 sending message 105 to peer 0x556200c44750 (18 bytes)
1660459249.838844 sending message 105 to peer 0x556200c44750 (13 bytes)
1660459249.838857 sending message 105 to peer 0x556200c44750 (383 bytes)
1660459249.838871 sending message 105 to peer 0x556200c44750 (23 bytes)
1660459249.838884 sending message 105 to peer 0x556200c44750 (31 bytes)
1660459249.838897 sending message 105 to peer 0x556200c44750 (11 bytes)
1660459249.838910 sending message 105 to peer 0x556200c44750 (17 bytes)
1660459249.838923 sending message 105 to peer 0x556200c44750 (23 bytes)
1660459249.838936 sending message 105 to peer 0x556200c44750 (25 bytes)
1660459249.838949 sending message 105 to peer 0x556200c44750 (23 bytes)
1660459249.838962 sending message 105 to peer 0x556200c44750 (41 bytes)
1660459249.838975 sending message 105 to peer 0x556200c44750 (48 bytes)
1660459249.838989 sending message 105 to peer 0x556200c44750 (15 bytes)
1660459249.839002 sending message 105 to peer 0x556200c44750 (20 bytes)
1660459249.839015 sending message 105 to peer 0x556200c44750 (19 bytes)
1660459249.839028 sending message 105 to peer 0x556200c44750 (14 bytes)
1660459249.839041 sending message 105 to peer 0x556200c44750 (24 bytes)
1660459249.839054 sending message 105 to peer 0x556200c44750 (27 bytes)
1660459249.839067 sending message 105 to peer 0x556200c44750 (15 bytes)
1660459249.839080 sending message 105 to peer 0x556200c44750 (52 bytes)
1660459249.839093 sending message 105 to peer 0x556200c44750 (30 bytes)
1660459249.839107 sending message 105 to peer 0x556200c44750 (24 bytes)
1660459249.839120 sending message 105 to peer 0x556200c44750 (11 bytes)
1660459249.839149 sending message 105 to peer 0x556200c44750 (26 bytes)
1660459249.839163 sending message 105 to peer 0x556200c44750 (21 bytes)
1660459249.839176 sending message 105 to peer 0x556200c44750 (41 bytes)
1660459249.839189 sending message 105 to peer 0x556200c44750 (81 bytes)
1660459249.839203 sending message 105 to peer 0x556200c44750 (23 bytes)
1660459249.839216 sending message 105 to peer 0x556200c44750 (21 bytes)
1660459249.839229 sending message 105 to peer 0x556200c44750 (42 bytes)
1660459249.839242 sending message 105 to peer 0x556200c44750 (15 bytes)
1660459249.839259 sending message 105 to peer 0x556200c44750 (12 bytes)
1660459249.839272 sending message 105 to peer 0x556200c44750 (18 bytes)
1660459249.839284 sending message 105 to peer 0x556200c44750 (17 bytes)
1660459249.839295 sending message 105 to peer 0x556200c44750 (17 bytes)
1660459249.839307 sending message 105 to peer 0x556200c44750 (20 bytes)
1660459249.839319 sending message 105 to peer 0x556200c44750 (18 bytes)
1660459249.839331 sending message 105 to peer 0x556200c44750 (1506 bytes)
1660459249.839347 sending message 105 to peer 0x556200c44750 (17 bytes)
1660459249.839360 sending message 105 to peer 0x556200c44750 (21 bytes)
1660459249.839371 sending message 105 to peer 0x556200c44750 (16 bytes)
1660459249.839383 sending message 106 to peer 0x556200c44750 (0 bytes)
1660459249.839404 sending message 200 to peer 0x556200c44750 (4 bytes)
1660459249.839415 client loop enter
1660459249.843394 peer 0x556200c44750 message 207
1660459249.843419 sending message 208 to peer 0x556200c44750 (0 bytes)
1660459290.242225 peer 0x556200c44750 message 203
1660459290.242251 sending message 205 to peer 0x556200c44750 (0 bytes)
1660459290.242639 peer 0x556200c44750 message 204
1660459290.242653 client loop exit
